+ echo 'Beginning trial 1 of 5'
Beginning trial 1 of 5
+ docker exec -it image_classification python -c '
import mlperf_log_utils
from mlperf_logging.mllog import constants

mlperf_log_utils.mlperf_submission_log(constants.RESNET)'
:::MLLOG {"namespace": "", "time_ms": 1674616191334, "event_type": "POINT_IN_TIME", "key": "submission_benchmark", "value": "resnet", "metadata": {"file": "/workspace/image_classification/mlperf_log_utils.py", "lineno": 84}}
:::MLLOG {"namespace": "", "time_ms": 1674616191350, "event_type": "POINT_IN_TIME", "key": "submission_org", "value": "NVIDIA", "metadata": {"file": "/workspace/image_classification/mlperf_log_utils.py", "lineno": 89}}
:::MLLOG {"namespace": "", "time_ms": 1674616191350, "event_type": "POINT_IN_TIME", "key": "submission_division", "value": "closed", "metadata": {"file": "/workspace/image_classification/mlperf_log_utils.py", "lineno": 93}}
:::MLLOG {"namespace": "", "time_ms": 1674616191350, "event_type": "POINT_IN_TIME", "key": "submission_status", "value": "onprem", "metadata": {"file": "/workspace/image_classification/mlperf_log_utils.py", "lineno": 97}}
:::MLLOG {"namespace": "", "time_ms": 1674616191350, "event_type": "POINT_IN_TIME", "key": "submission_platform", "value": "1xSUBMISSION_PLATFORM_PLACEHOLDER", "metadata": {"file": "/workspace/image_classification/mlperf_log_utils.py", "lineno": 101}}
+ export SEED=22423
+ SEED=22423
+ docker exec -it --env=BATCHSIZE --env=DALI_CACHE_SIZE --env=DALI_CROP_BUFFER_HINT --env=DALI_DECODER_BUFFER_HINT --env=DALI_DONT_USE_MMAP --env=DALI_HW_DECODER_LOAD --env=DALI_NORMALIZE_BUFFER_HINT --env=DALI_NVJPEG_MEMPADDING --env=DALI_PREALLOCATE_HEIGHT --env=DALI_PREALLOCATE_WIDTH --env=DALI_PREFETCH_QUEUE --env=DALI_ROI_DECODE --env=DALI_THREADS --env=DALI_TMP_BUFFER_HINT --env=DGXHT --env=DGXNGPU --env=DGXNNODES --env=DGXNSOCKET --env=DGXSOCKETCORES --env=DGXSYSTEM --env=EVAL_OFFSET --env=EVAL_PERIOD --env=HOROVOD_CYCLE_TIME --env=HOROVOD_FUSION_THRESHOLD --env=HOROVOD_NUM_NCCL_STREAMS --env=KVSTORE --env=LABELSMOOTHING --env=LARSETA --env=LR --env=LRSCHED --env=MOM --env=MXNET_CUDNN_NHWC_BN_ADD_HEURISTIC_BWD --env=MXNET_CUDNN_NHWC_BN_ADD_HEURISTIC_FWD --env=MXNET_CUDNN_NHWC_BN_HEURISTIC_BWD --env=MXNET_CUDNN_NHWC_BN_HEURISTIC_FWD --env=MXNET_CUDNN_WARN_ON_IGNORED_FLAGS --env=MXNET_ENABLE_CUDA_GRAPHS --env=MXNET_EXEC_BULK_EXEC_MAX_NODE_TRAIN_BWD --env=MXNET_EXEC_BULK_EXEC_MAX_NODE_TRAIN_FWD --env=MXNET_EXTENDED_NORMCONV_SUPPORT --env=MXNET_HOROVOD_NUM_GROUPS --env=MXNET_OPTIMIZER_AGGREGATION_SIZE --env=NETWORK --env=NUMEPOCHS --env=OMPI_MCA_btl --env=OPTIMIZER --env=WALLTIME --env=WARMUP_EPOCHS --env=WD --env=MLPERF_HOST_OS --env=SEED image_classification mpirun --allow-run-as-root --bind-to none --np 2 ./run_and_time.sh
STARTING TIMING RUN AT 2023-01-25 03:09:51 AM
STARTING TIMING RUN AT 2023-01-25 03:09:51 AM
running benchmark
running benchmark
num_gpus=2 num_sockets = 2 num_nodes=2 cores_per_socket=10
num_gpus=2 num_sockets = 2 num_nodes=2 cores_per_socket=10
[1674616196.296631] [procerato:157  :0]     ucp_context.c:964  UCX  WARN  network device 'mlx5_0:1' is not available, please use one or more of: 'br-9dea3837bb41'(tcp), 'eno1'(tcp), 'lo'(tcp)
[1674616196.297996] [procerato:156  :0]     ucp_context.c:964  UCX  WARN  network device 'mlx5_6:1' is not available, please use one or more of: 'br-9dea3837bb41'(tcp), 'eno1'(tcp), 'lo'(tcp)
:::MLLOG {"namespace": "", "time_ms": 1674616196324, "event_type": "INTERVAL_START", "key": "init_start", "value": null, "metadata": {"file": "train_imagenet.py", "lineno": 117}}
:::MLLOG {"namespace": "", "time_ms": 1674616196323, "event_type": "INTERVAL_START", "key": "init_start", "value": null, "metadata": {"file": "train_imagenet.py", "lineno": 117}}
[03:09:58] ../src/storage/storage.cc:199: Using Pooled (Naive) StorageManager for GPU
[03:09:58] ../src/storage/storage.cc:199: Using Pooled (Naive) StorageManager for GPU
:::MLLOG {"namespace": "", "time_ms": 1674616198775, "event_type": "POINT_IN_TIME", "key": "seed", "value": 22423, "metadata": {"file": "train_imagenet.py", "lineno": 173}}
NCCL version 2.12.10+cuda11.6
:::MLLOG {"namespace": "", "time_ms": 1674616199213, "event_type": "POINT_IN_TIME", "key": "model_bn_span", "value": 4, "metadata": {"file": "/workspace/image_classification/common/dali.py", "lineno": 323}}
[03:10:03] ../src/storage/storage.cc:199: Using Pooled (Naive) StorageManager for CPU
[03:10:03] ../src/storage/storage.cc:199: Using Pooled (Naive) StorageManager for CPU
:::MLLOG {"namespace": "", "time_ms": 1674616203332, "event_type": "POINT_IN_TIME", "key": "weights_initialization", "value": null, "metadata": {"file": "train_imagenet.py", "lineno": 88, "tensor": "bn0_beta"}}
:::MLLOG {"namespace": "", "time_ms": 1674616203333, "event_type": "POINT_IN_TIME", "key": "weights_initialization", "value": null, "metadata": {"file": "train_imagenet.py", "lineno": 83, "tensor": "bn0_gamma"}}
:::MLLOG {"namespace": "", "time_ms": 1674616203333, "event_type": "POINT_IN_TIME", "key": "weights_initialization", "value": null, "metadata": {"file": "train_imagenet.py", "lineno": 73, "tensor": "conv0_weight"}}
:::MLLOG {"namespace": "", "time_ms": 1674616203333, "event_type": "POINT_IN_TIME", "key": "weights_initialization", "value": null, "metadata": {"file": "train_imagenet.py", "lineno": 78, "tensor": "fc1_bias"}}
:::MLLOG {"namespace": "", "time_ms": 1674616203334, "event_type": "POINT_IN_TIME", "key": "weights_initialization", "value": null, "metadata": {"file": "train_imagenet.py", "lineno": 69, "tensor": "fc1_weight"}}
:::MLLOG {"namespace": "", "time_ms": 1674616203334, "event_type": "POINT_IN_TIME", "key": "weights_initialization", "value": null, "metadata": {"file": "train_imagenet.py", "lineno": 88, "tensor": "stage1_unit1_bn1_beta"}}
:::MLLOG {"namespace": "", "time_ms": 1674616203335, "event_type": "POINT_IN_TIME", "key": "weights_initialization", "value": null, "metadata": {"file": "train_imagenet.py", "lineno": 83, "tensor": "stage1_unit1_bn1_gamma"}}
:::MLLOG {"namespace": "", "time_ms": 1674616203335, "event_type": "POINT_IN_TIME", "key": "weights_initialization", "value": null, "metadata": {"file": "train_imagenet.py", "lineno": 88, "tensor": "stage1_unit1_bn2_beta"}}
:::MLLOG {"namespace": "", "time_ms": 1674616203336, "event_type": "POINT_IN_TIME", "key": "weights_initialization", "value": null, "metadata": {"file": "train_imagenet.py", "lineno": 83, "tensor": "stage1_unit1_bn2_gamma"}}
:::MLLOG {"namespace": "", "time_ms": 1674616203336, "event_type": "POINT_IN_TIME", "key": "weights_initialization", "value": null, "metadata": {"file": "train_imagenet.py", "lineno": 88, "tensor": "stage1_unit1_bn3_beta"}}
:::MLLOG {"namespace": "", "time_ms": 1674616203337, "event_type": "POINT_IN_TIME", "key": "weights_initialization", "value": null, "metadata": {"file": "train_imagenet.py", "lineno": 83, "tensor": "stage1_unit1_bn3_gamma"}}
:::MLLOG {"namespace": "", "time_ms": 1674616203337, "event_type": "POINT_IN_TIME", "key": "weights_initialization", "value": null, "metadata": {"file": "train_imagenet.py", "lineno": 88, "tensor": "stage1_unit1_bnsc_beta"}}
:::MLLOG {"namespace": "", "time_ms": 1674616203337, "event_type": "POINT_IN_TIME", "key": "weights_initialization", "value": null, "metadata": {"file": "train_imagenet.py", "lineno": 83, "tensor": "stage1_unit1_bnsc_gamma"}}
:::MLLOG {"namespace": "", "time_ms": 1674616203338, "event_type": "POINT_IN_TIME", "key": "weights_initialization", "value": null, "metadata": {"file": "train_imagenet.py", "lineno": 73, "tensor": "stage1_unit1_conv1_weight"}}
:::MLLOG {"namespace": "", "time_ms": 1674616203338, "event_type": "POINT_IN_TIME", "key": "weights_initialization", "value": null, "metadata": {"file": "train_imagenet.py", "lineno": 73, "tensor": "stage1_unit1_conv1sc_weight"}}
:::MLLOG {"namespace": "", "time_ms": 1674616203339, "event_type": "POINT_IN_TIME", "key": "weights_initialization", "value": null, "metadata": {"file": "train_imagenet.py", "lineno": 73, "tensor": "stage1_unit1_conv2_weight"}}
:::MLLOG {"namespace": "", "time_ms": 1674616203339, "event_type": "POINT_IN_TIME", "key": "weights_initialization", "value": null, "metadata": {"file": "train_imagenet.py", "lineno": 73, "tensor": "stage1_unit1_conv3_weight"}}
:::MLLOG {"namespace": "", "time_ms": 1674616203339, "event_type": "POINT_IN_TIME", "key": "weights_initialization", "value": null, "metadata": {"file": "train_imagenet.py", "lineno": 88, "tensor": "stage1_unit2_bn1_beta"}}
:::MLLOG {"namespace": "", "time_ms": 1674616203340, "event_type": "POINT_IN_TIME", "key": "weights_initialization", "value": null, "metadata": {"file": "train_imagenet.py", "lineno": 83, "tensor": "stage1_unit2_bn1_gamma"}}
:::MLLOG {"namespace": "", "time_ms": 1674616203340, "event_type": "POINT_IN_TIME", "key": "weights_initialization", "value": null, "metadata": {"file": "train_imagenet.py", "lineno": 88, "tensor": "stage1_unit2_bn2_beta"}}
:::MLLOG {"namespace": "", "time_ms": 1674616203341, "event_type": "POINT_IN_TIME", "key": "weights_initialization", "value": null, "metadata": {"file": "train_imagenet.py", "lineno": 83, "tensor": "stage1_unit2_bn2_gamma"}}
:::MLLOG {"namespace": "", "time_ms": 1674616203341, "event_type": "POINT_IN_TIME", "key": "weights_initialization", "value": null, "metadata": {"file": "train_imagenet.py", "lineno": 88, "tensor": "stage1_unit2_bn3_beta"}}
:::MLLOG {"namespace": "", "time_ms": 1674616203342, "event_type": "POINT_IN_TIME", "key": "weights_initialization", "value": null, "metadata": {"file": "train_imagenet.py", "lineno": 83, "tensor": "stage1_unit2_bn3_gamma"}}
:::MLLOG {"namespace": "", "time_ms": 1674616203342, "event_type": "POINT_IN_TIME", "key": "weights_initialization", "value": null, "metadata": {"file": "train_imagenet.py", "lineno": 73, "tensor": "stage1_unit2_conv1_weight"}}
:::MLLOG {"namespace": "", "time_ms": 1674616203342, "event_type": "POINT_IN_TIME", "key": "weights_initialization", "value": null, "metadata": {"file": "train_imagenet.py", "lineno": 73, "tensor": "stage1_unit2_conv2_weight"}}
:::MLLOG {"namespace": "", "time_ms": 1674616203343, "event_type": "POINT_IN_TIME", "key": "weights_initialization", "value": null, "metadata": {"file": "train_imagenet.py", "lineno": 73, "tensor": "stage1_unit2_conv3_weight"}}
:::MLLOG {"namespace": "", "time_ms": 1674616203343, "event_type": "POINT_IN_TIME", "key": "weights_initialization", "value": null, "metadata": {"file": "train_imagenet.py", "lineno": 88, "tensor": "stage1_unit3_bn1_beta"}}
:::MLLOG {"namespace": "", "time_ms": 1674616203344, "event_type": "POINT_IN_TIME", "key": "weights_initialization", "value": null, "metadata": {"file": "train_imagenet.py", "lineno": 83, "tensor": "stage1_unit3_bn1_gamma"}}
:::MLLOG {"namespace": "", "time_ms": 1674616203344, "event_type": "POINT_IN_TIME", "key": "weights_initialization", "value": null, "metadata": {"file": "train_imagenet.py", "lineno": 88, "tensor": "stage1_unit3_bn2_beta"}}
:::MLLOG {"namespace": "", "time_ms": 1674616203344, "event_type": "POINT_IN_TIME", "key": "weights_initialization", "value": null, "metadata": {"file": "train_imagenet.py", "lineno": 83, "tensor": "stage1_unit3_bn2_gamma"}}
:::MLLOG {"namespace": "", "time_ms": 1674616203345, "event_type": "POINT_IN_TIME", "key": "weights_initialization", "value": null, "metadata": {"file": "train_imagenet.py", "lineno": 88, "tensor": "stage1_unit3_bn3_beta"}}
:::MLLOG {"namespace": "", "time_ms": 1674616203345, "event_type": "POINT_IN_TIME", "key": "weights_initialization", "value": null, "metadata": {"file": "train_imagenet.py", "lineno": 83, "tensor": "stage1_unit3_bn3_gamma"}}
:::MLLOG {"namespace": "", "time_ms": 1674616203346, "event_type": "POINT_IN_TIME", "key": "weights_initialization", "value": null, "metadata": {"file": "train_imagenet.py", "lineno": 73, "tensor": "stage1_unit3_conv1_weight"}}
:::MLLOG {"namespace": "", "time_ms": 1674616203346, "event_type": "POINT_IN_TIME", "key": "weights_initialization", "value": null, "metadata": {"file": "train_imagenet.py", "lineno": 73, "tensor": "stage1_unit3_conv2_weight"}}
:::MLLOG {"namespace": "", "time_ms": 1674616203346, "event_type": "POINT_IN_TIME", "key": "weights_initialization", "value": null, "metadata": {"file": "train_imagenet.py", "lineno": 73, "tensor": "stage1_unit3_conv3_weight"}}
:::MLLOG {"namespace": "", "time_ms": 1674616203347, "event_type": "POINT_IN_TIME", "key": "weights_initialization", "value": null, "metadata": {"file": "train_imagenet.py", "lineno": 88, "tensor": "stage2_unit1_bn1_beta"}}
:::MLLOG {"namespace": "", "time_ms": 1674616203347, "event_type": "POINT_IN_TIME", "key": "weights_initialization", "value": null, "metadata": {"file": "train_imagenet.py", "lineno": 83, "tensor": "stage2_unit1_bn1_gamma"}}
:::MLLOG {"namespace": "", "time_ms": 1674616203348, "event_type": "POINT_IN_TIME", "key": "weights_initialization", "value": null, "metadata": {"file": "train_imagenet.py", "lineno": 88, "tensor": "stage2_unit1_bn2_beta"}}
:::MLLOG {"namespace": "", "time_ms": 1674616203348, "event_type": "POINT_IN_TIME", "key": "weights_initialization", "value": null, "metadata": {"file": "train_imagenet.py", "lineno": 83, "tensor": "stage2_unit1_bn2_gamma"}}
:::MLLOG {"namespace": "", "time_ms": 1674616203349, "event_type": "POINT_IN_TIME", "key": "weights_initialization", "value": null, "metadata": {"file": "train_imagenet.py", "lineno": 88, "tensor": "stage2_unit1_bn3_beta"}}
:::MLLOG {"namespace": "", "time_ms": 1674616203349, "event_type": "POINT_IN_TIME", "key": "weights_initialization", "value": null, "metadata": {"file": "train_imagenet.py", "lineno": 83, "tensor": "stage2_unit1_bn3_gamma"}}
:::MLLOG {"namespace": "", "time_ms": 1674616203350, "event_type": "POINT_IN_TIME", "key": "weights_initialization", "value": null, "metadata": {"file": "train_imagenet.py", "lineno": 88, "tensor": "stage2_unit1_bnsc_beta"}}
:::MLLOG {"namespace": "", "time_ms": 1674616203350, "event_type": "POINT_IN_TIME", "key": "weights_initialization", "value": null, "metadata": {"file": "train_imagenet.py", "lineno": 83, "tensor": "stage2_unit1_bnsc_gamma"}}
:::MLLOG {"namespace": "", "time_ms": 1674616203350, "event_type": "POINT_IN_TIME", "key": "weights_initialization", "value": null, "metadata": {"file": "train_imagenet.py", "lineno": 73, "tensor": "stage2_unit1_conv1_weight"}}
:::MLLOG {"namespace": "", "time_ms": 1674616203351, "event_type": "POINT_IN_TIME", "key": "weights_initialization", "value": null, "metadata": {"file": "train_imagenet.py", "lineno": 73, "tensor": "stage2_unit1_conv1sc_weight"}}
:::MLLOG {"namespace": "", "time_ms": 1674616203351, "event_type": "POINT_IN_TIME", "key": "weights_initialization", "value": null, "metadata": {"file": "train_imagenet.py", "lineno": 73, "tensor": "stage2_unit1_conv2_weight"}}
:::MLLOG {"namespace": "", "time_ms": 1674616203351, "event_type": "POINT_IN_TIME", "key": "weights_initialization", "value": null, "metadata": {"file": "train_imagenet.py", "lineno": 73, "tensor": "stage2_unit1_conv3_weight"}}
:::MLLOG {"namespace": "", "time_ms": 1674616203352, "event_type": "POINT_IN_TIME", "key": "weights_initialization", "value": null, "metadata": {"file": "train_imagenet.py", "lineno": 88, "tensor": "stage2_unit2_bn1_beta"}}
:::MLLOG {"namespace": "", "time_ms": 1674616203352, "event_type": "POINT_IN_TIME", "key": "weights_initialization", "value": null, "metadata": {"file": "train_imagenet.py", "lineno": 83, "tensor": "stage2_unit2_bn1_gamma"}}
:::MLLOG {"namespace": "", "time_ms": 1674616203353, "event_type": "POINT_IN_TIME", "key": "weights_initialization", "value": null, "metadata": {"file": "train_imagenet.py", "lineno": 88, "tensor": "stage2_unit2_bn2_beta"}}
:::MLLOG {"namespace": "", "time_ms": 1674616203353, "event_type": "POINT_IN_TIME", "key": "weights_initialization", "value": null, "metadata": {"file": "train_imagenet.py", "lineno": 83, "tensor": "stage2_unit2_bn2_gamma"}}
:::MLLOG {"namespace": "", "time_ms": 1674616203354, "event_type": "POINT_IN_TIME", "key": "weights_initialization", "value": null, "metadata": {"file": "train_imagenet.py", "lineno": 88, "tensor": "stage2_unit2_bn3_beta"}}
:::MLLOG {"namespace": "", "time_ms": 1674616203354, "event_type": "POINT_IN_TIME", "key": "weights_initialization", "value": null, "metadata": {"file": "train_imagenet.py", "lineno": 83, "tensor": "stage2_unit2_bn3_gamma"}}
:::MLLOG {"namespace": "", "time_ms": 1674616203354, "event_type": "POINT_IN_TIME", "key": "weights_initialization", "value": null, "metadata": {"file": "train_imagenet.py", "lineno": 73, "tensor": "stage2_unit2_conv1_weight"}}
:::MLLOG {"namespace": "", "time_ms": 1674616203355, "event_type": "POINT_IN_TIME", "key": "weights_initialization", "value": null, "metadata": {"file": "train_imagenet.py", "lineno": 73, "tensor": "stage2_unit2_conv2_weight"}}
:::MLLOG {"namespace": "", "time_ms": 1674616203355, "event_type": "POINT_IN_TIME", "key": "weights_initialization", "value": null, "metadata": {"file": "train_imagenet.py", "lineno": 73, "tensor": "stage2_unit2_conv3_weight"}}
:::MLLOG {"namespace": "", "time_ms": 1674616203356, "event_type": "POINT_IN_TIME", "key": "weights_initialization", "value": null, "metadata": {"file": "train_imagenet.py", "lineno": 88, "tensor": "stage2_unit3_bn1_beta"}}
:::MLLOG {"namespace": "", "time_ms": 1674616203356, "event_type": "POINT_IN_TIME", "key": "weights_initialization", "value": null, "metadata": {"file": "train_imagenet.py", "lineno": 83, "tensor": "stage2_unit3_bn1_gamma"}}
:::MLLOG {"namespace": "", "time_ms": 1674616203356, "event_type": "POINT_IN_TIME", "key": "weights_initialization", "value": null, "metadata": {"file": "train_imagenet.py", "lineno": 88, "tensor": "stage2_unit3_bn2_beta"}}
:::MLLOG {"namespace": "", "time_ms": 1674616203357, "event_type": "POINT_IN_TIME", "key": "weights_initialization", "value": null, "metadata": {"file": "train_imagenet.py", "lineno": 83, "tensor": "stage2_unit3_bn2_gamma"}}
:::MLLOG {"namespace": "", "time_ms": 1674616203357, "event_type": "POINT_IN_TIME", "key": "weights_initialization", "value": null, "metadata": {"file": "train_imagenet.py", "lineno": 88, "tensor": "stage2_unit3_bn3_beta"}}
:::MLLOG {"namespace": "", "time_ms": 1674616203358, "event_type": "POINT_IN_TIME", "key": "weights_initialization", "value": null, "metadata": {"file": "train_imagenet.py", "lineno": 83, "tensor": "stage2_unit3_bn3_gamma"}}
:::MLLOG {"namespace": "", "time_ms": 1674616203358, "event_type": "POINT_IN_TIME", "key": "weights_initialization", "value": null, "metadata": {"file": "train_imagenet.py", "lineno": 73, "tensor": "stage2_unit3_conv1_weight"}}
:::MLLOG {"namespace": "", "time_ms": 1674616203358, "event_type": "POINT_IN_TIME", "key": "weights_initialization", "value": null, "metadata": {"file": "train_imagenet.py", "lineno": 73, "tensor": "stage2_unit3_conv2_weight"}}
:::MLLOG {"namespace": "", "time_ms": 1674616203359, "event_type": "POINT_IN_TIME", "key": "weights_initialization", "value": null, "metadata": {"file": "train_imagenet.py", "lineno": 73, "tensor": "stage2_unit3_conv3_weight"}}
:::MLLOG {"namespace": "", "time_ms": 1674616203359, "event_type": "POINT_IN_TIME", "key": "weights_initialization", "value": null, "metadata": {"file": "train_imagenet.py", "lineno": 88, "tensor": "stage2_unit4_bn1_beta"}}
:::MLLOG {"namespace": "", "time_ms": 1674616203360, "event_type": "POINT_IN_TIME", "key": "weights_initialization", "value": null, "metadata": {"file": "train_imagenet.py", "lineno": 83, "tensor": "stage2_unit4_bn1_gamma"}}
:::MLLOG {"namespace": "", "time_ms": 1674616203360, "event_type": "POINT_IN_TIME", "key": "weights_initialization", "value": null, "metadata": {"file": "train_imagenet.py", "lineno": 88, "tensor": "stage2_unit4_bn2_beta"}}
:::MLLOG {"namespace": "", "time_ms": 1674616203361, "event_type": "POINT_IN_TIME", "key": "weights_initialization", "value": null, "metadata": {"file": "train_imagenet.py", "lineno": 83, "tensor": "stage2_unit4_bn2_gamma"}}
:::MLLOG {"namespace": "", "time_ms": 1674616203361, "event_type": "POINT_IN_TIME", "key": "weights_initialization", "value": null, "metadata": {"file": "train_imagenet.py", "lineno": 88, "tensor": "stage2_unit4_bn3_beta"}}
:::MLLOG {"namespace": "", "time_ms": 1674616203361, "event_type": "POINT_IN_TIME", "key": "weights_initialization", "value": null, "metadata": {"file": "train_imagenet.py", "lineno": 83, "tensor": "stage2_unit4_bn3_gamma"}}
:::MLLOG {"namespace": "", "time_ms": 1674616203362, "event_type": "POINT_IN_TIME", "key": "weights_initialization", "value": null, "metadata": {"file": "train_imagenet.py", "lineno": 73, "tensor": "stage2_unit4_conv1_weight"}}
:::MLLOG {"namespace": "", "time_ms": 1674616203362, "event_type": "POINT_IN_TIME", "key": "weights_initialization", "value": null, "metadata": {"file": "train_imagenet.py", "lineno": 73, "tensor": "stage2_unit4_conv2_weight"}}
:::MLLOG {"namespace": "", "time_ms": 1674616203363, "event_type": "POINT_IN_TIME", "key": "weights_initialization", "value": null, "metadata": {"file": "train_imagenet.py", "lineno": 73, "tensor": "stage2_unit4_conv3_weight"}}
:::MLLOG {"namespace": "", "time_ms": 1674616203363, "event_type": "POINT_IN_TIME", "key": "weights_initialization", "value": null, "metadata": {"file": "train_imagenet.py", "lineno": 88, "tensor": "stage3_unit1_bn1_beta"}}
:::MLLOG {"namespace": "", "time_ms": 1674616203363, "event_type": "POINT_IN_TIME", "key": "weights_initialization", "value": null, "metadata": {"file": "train_imagenet.py", "lineno": 83, "tensor": "stage3_unit1_bn1_gamma"}}
:::MLLOG {"namespace": "", "time_ms": 1674616203364, "event_type": "POINT_IN_TIME", "key": "weights_initialization", "value": null, "metadata": {"file": "train_imagenet.py", "lineno": 88, "tensor": "stage3_unit1_bn2_beta"}}
:::MLLOG {"namespace": "", "time_ms": 1674616203364, "event_type": "POINT_IN_TIME", "key": "weights_initialization", "value": null, "metadata": {"file": "train_imagenet.py", "lineno": 83, "tensor": "stage3_unit1_bn2_gamma"}}
:::MLLOG {"namespace": "", "time_ms": 1674616203365, "event_type": "POINT_IN_TIME", "key": "weights_initialization", "value": null, "metadata": {"file": "train_imagenet.py", "lineno": 88, "tensor": "stage3_unit1_bn3_beta"}}
:::MLLOG {"namespace": "", "time_ms": 1674616203365, "event_type": "POINT_IN_TIME", "key": "weights_initialization", "value": null, "metadata": {"file": "train_imagenet.py", "lineno": 83, "tensor": "stage3_unit1_bn3_gamma"}}
:::MLLOG {"namespace": "", "time_ms": 1674616203366, "event_type": "POINT_IN_TIME", "key": "weights_initialization", "value": null, "metadata": {"file": "train_imagenet.py", "lineno": 88, "tensor": "stage3_unit1_bnsc_beta"}}
:::MLLOG {"namespace": "", "time_ms": 1674616203366, "event_type": "POINT_IN_TIME", "key": "weights_initialization", "value": null, "metadata": {"file": "train_imagenet.py", "lineno": 83, "tensor": "stage3_unit1_bnsc_gamma"}}
:::MLLOG {"namespace": "", "time_ms": 1674616203366, "event_type": "POINT_IN_TIME", "key": "weights_initialization", "value": null, "metadata": {"file": "train_imagenet.py", "lineno": 73, "tensor": "stage3_unit1_conv1_weight"}}
:::MLLOG {"namespace": "", "time_ms": 1674616203367, "event_type": "POINT_IN_TIME", "key": "weights_initialization", "value": null, "metadata": {"file": "train_imagenet.py", "lineno": 73, "tensor": "stage3_unit1_conv1sc_weight"}}
:::MLLOG {"namespace": "", "time_ms": 1674616203367, "event_type": "POINT_IN_TIME", "key": "weights_initialization", "value": null, "metadata": {"file": "train_imagenet.py", "lineno": 73, "tensor": "stage3_unit1_conv2_weight"}}
:::MLLOG {"namespace": "", "time_ms": 1674616203367, "event_type": "POINT_IN_TIME", "key": "weights_initialization", "value": null, "metadata": {"file": "train_imagenet.py", "lineno": 73, "tensor": "stage3_unit1_conv3_weight"}}
:::MLLOG {"namespace": "", "time_ms": 1674616203368, "event_type": "POINT_IN_TIME", "key": "weights_initialization", "value": null, "metadata": {"file": "train_imagenet.py", "lineno": 88, "tensor": "stage3_unit2_bn1_beta"}}
:::MLLOG {"namespace": "", "time_ms": 1674616203368, "event_type": "POINT_IN_TIME", "key": "weights_initialization", "value": null, "metadata": {"file": "train_imagenet.py", "lineno": 83, "tensor": "stage3_unit2_bn1_gamma"}}
:::MLLOG {"namespace": "", "time_ms": 1674616203369, "event_type": "POINT_IN_TIME", "key": "weights_initialization", "value": null, "metadata": {"file": "train_imagenet.py", "lineno": 88, "tensor": "stage3_unit2_bn2_beta"}}
:::MLLOG {"namespace": "", "time_ms": 1674616203369, "event_type": "POINT_IN_TIME", "key": "weights_initialization", "value": null, "metadata": {"file": "train_imagenet.py", "lineno": 83, "tensor": "stage3_unit2_bn2_gamma"}}
:::MLLOG {"namespace": "", "time_ms": 1674616203370, "event_type": "POINT_IN_TIME", "key": "weights_initialization", "value": null, "metadata": {"file": "train_imagenet.py", "lineno": 88, "tensor": "stage3_unit2_bn3_beta"}}
:::MLLOG {"namespace": "", "time_ms": 1674616203370, "event_type": "POINT_IN_TIME", "key": "weights_initialization", "value": null, "metadata": {"file": "train_imagenet.py", "lineno": 83, "tensor": "stage3_unit2_bn3_gamma"}}
:::MLLOG {"namespace": "", "time_ms": 1674616203370, "event_type": "POINT_IN_TIME", "key": "weights_initialization", "value": null, "metadata": {"file": "train_imagenet.py", "lineno": 73, "tensor": "stage3_unit2_conv1_weight"}}
:::MLLOG {"namespace": "", "time_ms": 1674616203371, "event_type": "POINT_IN_TIME", "key": "weights_initialization", "value": null, "metadata": {"file": "train_imagenet.py", "lineno": 73, "tensor": "stage3_unit2_conv2_weight"}}
:::MLLOG {"namespace": "", "time_ms": 1674616203371, "event_type": "POINT_IN_TIME", "key": "weights_initialization", "value": null, "metadata": {"file": "train_imagenet.py", "lineno": 73, "tensor": "stage3_unit2_conv3_weight"}}
:::MLLOG {"namespace": "", "time_ms": 1674616203372, "event_type": "POINT_IN_TIME", "key": "weights_initialization", "value": null, "metadata": {"file": "train_imagenet.py", "lineno": 88, "tensor": "stage3_unit3_bn1_beta"}}
:::MLLOG {"namespace": "", "time_ms": 1674616203372, "event_type": "POINT_IN_TIME", "key": "weights_initialization", "value": null, "metadata": {"file": "train_imagenet.py", "lineno": 83, "tensor": "stage3_unit3_bn1_gamma"}}
:::MLLOG {"namespace": "", "time_ms": 1674616203372, "event_type": "POINT_IN_TIME", "key": "weights_initialization", "value": null, "metadata": {"file": "train_imagenet.py", "lineno": 88, "tensor": "stage3_unit3_bn2_beta"}}
:::MLLOG {"namespace": "", "time_ms": 1674616203373, "event_type": "POINT_IN_TIME", "key": "weights_initialization", "value": null, "metadata": {"file": "train_imagenet.py", "lineno": 83, "tensor": "stage3_unit3_bn2_gamma"}}
:::MLLOG {"namespace": "", "time_ms": 1674616203373, "event_type": "POINT_IN_TIME", "key": "weights_initialization", "value": null, "metadata": {"file": "train_imagenet.py", "lineno": 88, "tensor": "stage3_unit3_bn3_beta"}}
:::MLLOG {"namespace": "", "time_ms": 1674616203374, "event_type": "POINT_IN_TIME", "key": "weights_initialization", "value": null, "metadata": {"file": "train_imagenet.py", "lineno": 83, "tensor": "stage3_unit3_bn3_gamma"}}
:::MLLOG {"namespace": "", "time_ms": 1674616203374, "event_type": "POINT_IN_TIME", "key": "weights_initialization", "value": null, "metadata": {"file": "train_imagenet.py", "lineno": 73, "tensor": "stage3_unit3_conv1_weight"}}
:::MLLOG {"namespace": "", "time_ms": 1674616203374, "event_type": "POINT_IN_TIME", "key": "weights_initialization", "value": null, "metadata": {"file": "train_imagenet.py", "lineno": 73, "tensor": "stage3_unit3_conv2_weight"}}
:::MLLOG {"namespace": "", "time_ms": 1674616203375, "event_type": "POINT_IN_TIME", "key": "weights_initialization", "value": null, "metadata": {"file": "train_imagenet.py", "lineno": 73, "tensor": "stage3_unit3_conv3_weight"}}
:::MLLOG {"namespace": "", "time_ms": 1674616203375, "event_type": "POINT_IN_TIME", "key": "weights_initialization", "value": null, "metadata": {"file": "train_imagenet.py", "lineno": 88, "tensor": "stage3_unit4_bn1_beta"}}
:::MLLOG {"namespace": "", "time_ms": 1674616203376, "event_type": "POINT_IN_TIME", "key": "weights_initialization", "value": null, "metadata": {"file": "train_imagenet.py", "lineno": 83, "tensor": "stage3_unit4_bn1_gamma"}}
:::MLLOG {"namespace": "", "time_ms": 1674616203376, "event_type": "POINT_IN_TIME", "key": "weights_initialization", "value": null, "metadata": {"file": "train_imagenet.py", "lineno": 88, "tensor": "stage3_unit4_bn2_beta"}}
:::MLLOG {"namespace": "", "time_ms": 1674616203377, "event_type": "POINT_IN_TIME", "key": "weights_initialization", "value": null, "metadata": {"file": "train_imagenet.py", "lineno": 83, "tensor": "stage3_unit4_bn2_gamma"}}
:::MLLOG {"namespace": "", "time_ms": 1674616203377, "event_type": "POINT_IN_TIME", "key": "weights_initialization", "value": null, "metadata": {"file": "train_imagenet.py", "lineno": 88, "tensor": "stage3_unit4_bn3_beta"}}
:::MLLOG {"namespace": "", "time_ms": 1674616203377, "event_type": "POINT_IN_TIME", "key": "weights_initialization", "value": null, "metadata": {"file": "train_imagenet.py", "lineno": 83, "tensor": "stage3_unit4_bn3_gamma"}}
:::MLLOG {"namespace": "", "time_ms": 1674616203378, "event_type": "POINT_IN_TIME", "key": "weights_initialization", "value": null, "metadata": {"file": "train_imagenet.py", "lineno": 73, "tensor": "stage3_unit4_conv1_weight"}}
:::MLLOG {"namespace": "", "time_ms": 1674616203378, "event_type": "POINT_IN_TIME", "key": "weights_initialization", "value": null, "metadata": {"file": "train_imagenet.py", "lineno": 73, "tensor": "stage3_unit4_conv2_weight"}}
:::MLLOG {"namespace": "", "time_ms": 1674616203378, "event_type": "POINT_IN_TIME", "key": "weights_initialization", "value": null, "metadata": {"file": "train_imagenet.py", "lineno": 73, "tensor": "stage3_unit4_conv3_weight"}}
:::MLLOG {"namespace": "", "time_ms": 1674616203379, "event_type": "POINT_IN_TIME", "key": "weights_initialization", "value": null, "metadata": {"file": "train_imagenet.py", "lineno": 88, "tensor": "stage3_unit5_bn1_beta"}}
:::MLLOG {"namespace": "", "time_ms": 1674616203379, "event_type": "POINT_IN_TIME", "key": "weights_initialization", "value": null, "metadata": {"file": "train_imagenet.py", "lineno": 83, "tensor": "stage3_unit5_bn1_gamma"}}
:::MLLOG {"namespace": "", "time_ms": 1674616203380, "event_type": "POINT_IN_TIME", "key": "weights_initialization", "value": null, "metadata": {"file": "train_imagenet.py", "lineno": 88, "tensor": "stage3_unit5_bn2_beta"}}
:::MLLOG {"namespace": "", "time_ms": 1674616203381, "event_type": "POINT_IN_TIME", "key": "weights_initialization", "value": null, "metadata": {"file": "train_imagenet.py", "lineno": 83, "tensor": "stage3_unit5_bn2_gamma"}}
:::MLLOG {"namespace": "", "time_ms": 1674616203382, "event_type": "POINT_IN_TIME", "key": "weights_initialization", "value": null, "metadata": {"file": "train_imagenet.py", "lineno": 88, "tensor": "stage3_unit5_bn3_beta"}}
:::MLLOG {"namespace": "", "time_ms": 1674616203382, "event_type": "POINT_IN_TIME", "key": "weights_initialization", "value": null, "metadata": {"file": "train_imagenet.py", "lineno": 83, "tensor": "stage3_unit5_bn3_gamma"}}
:::MLLOG {"namespace": "", "time_ms": 1674616203383, "event_type": "POINT_IN_TIME", "key": "weights_initialization", "value": null, "metadata": {"file": "train_imagenet.py", "lineno": 73, "tensor": "stage3_unit5_conv1_weight"}}
:::MLLOG {"namespace": "", "time_ms": 1674616203384, "event_type": "POINT_IN_TIME", "key": "weights_initialization", "value": null, "metadata": {"file": "train_imagenet.py", "lineno": 73, "tensor": "stage3_unit5_conv2_weight"}}
:::MLLOG {"namespace": "", "time_ms": 1674616203384, "event_type": "POINT_IN_TIME", "key": "weights_initialization", "value": null, "metadata": {"file": "train_imagenet.py", "lineno": 73, "tensor": "stage3_unit5_conv3_weight"}}
:::MLLOG {"namespace": "", "time_ms": 1674616203385, "event_type": "POINT_IN_TIME", "key": "weights_initialization", "value": null, "metadata": {"file": "train_imagenet.py", "lineno": 88, "tensor": "stage3_unit6_bn1_beta"}}
:::MLLOG {"namespace": "", "time_ms": 1674616203385, "event_type": "POINT_IN_TIME", "key": "weights_initialization", "value": null, "metadata": {"file": "train_imagenet.py", "lineno": 83, "tensor": "stage3_unit6_bn1_gamma"}}
:::MLLOG {"namespace": "", "time_ms": 1674616203386, "event_type": "POINT_IN_TIME", "key": "weights_initialization", "value": null, "metadata": {"file": "train_imagenet.py", "lineno": 88, "tensor": "stage3_unit6_bn2_beta"}}
:::MLLOG {"namespace": "", "time_ms": 1674616203387, "event_type": "POINT_IN_TIME", "key": "weights_initialization", "value": null, "metadata": {"file": "train_imagenet.py", "lineno": 83, "tensor": "stage3_unit6_bn2_gamma"}}
:::MLLOG {"namespace": "", "time_ms": 1674616203387, "event_type": "POINT_IN_TIME", "key": "weights_initialization", "value": null, "metadata": {"file": "train_imagenet.py", "lineno": 88, "tensor": "stage3_unit6_bn3_beta"}}
:::MLLOG {"namespace": "", "time_ms": 1674616203388, "event_type": "POINT_IN_TIME", "key": "weights_initialization", "value": null, "metadata": {"file": "train_imagenet.py", "lineno": 83, "tensor": "stage3_unit6_bn3_gamma"}}
:::MLLOG {"namespace": "", "time_ms": 1674616203388, "event_type": "POINT_IN_TIME", "key": "weights_initialization", "value": null, "metadata": {"file": "train_imagenet.py", "lineno": 73, "tensor": "stage3_unit6_conv1_weight"}}
:::MLLOG {"namespace": "", "time_ms": 1674616203389, "event_type": "POINT_IN_TIME", "key": "weights_initialization", "value": null, "metadata": {"file": "train_imagenet.py", "lineno": 73, "tensor": "stage3_unit6_conv2_weight"}}
:::MLLOG {"namespace": "", "time_ms": 1674616203389, "event_type": "POINT_IN_TIME", "key": "weights_initialization", "value": null, "metadata": {"file": "train_imagenet.py", "lineno": 73, "tensor": "stage3_unit6_conv3_weight"}}
:::MLLOG {"namespace": "", "time_ms": 1674616203390, "event_type": "POINT_IN_TIME", "key": "weights_initialization", "value": null, "metadata": {"file": "train_imagenet.py", "lineno": 88, "tensor": "stage4_unit1_bn1_beta"}}
:::MLLOG {"namespace": "", "time_ms": 1674616203390, "event_type": "POINT_IN_TIME", "key": "weights_initialization", "value": null, "metadata": {"file": "train_imagenet.py", "lineno": 83, "tensor": "stage4_unit1_bn1_gamma"}}
:::MLLOG {"namespace": "", "time_ms": 1674616203391, "event_type": "POINT_IN_TIME", "key": "weights_initialization", "value": null, "metadata": {"file": "train_imagenet.py", "lineno": 88, "tensor": "stage4_unit1_bn2_beta"}}
:::MLLOG {"namespace": "", "time_ms": 1674616203392, "event_type": "POINT_IN_TIME", "key": "weights_initialization", "value": null, "metadata": {"file": "train_imagenet.py", "lineno": 83, "tensor": "stage4_unit1_bn2_gamma"}}
:::MLLOG {"namespace": "", "time_ms": 1674616203392, "event_type": "POINT_IN_TIME", "key": "weights_initialization", "value": null, "metadata": {"file": "train_imagenet.py", "lineno": 88, "tensor": "stage4_unit1_bn3_beta"}}
:::MLLOG {"namespace": "", "time_ms": 1674616203393, "event_type": "POINT_IN_TIME", "key": "weights_initialization", "value": null, "metadata": {"file": "train_imagenet.py", "lineno": 83, "tensor": "stage4_unit1_bn3_gamma"}}
:::MLLOG {"namespace": "", "time_ms": 1674616203393, "event_type": "POINT_IN_TIME", "key": "weights_initialization", "value": null, "metadata": {"file": "train_imagenet.py", "lineno": 88, "tensor": "stage4_unit1_bnsc_beta"}}
:::MLLOG {"namespace": "", "time_ms": 1674616203394, "event_type": "POINT_IN_TIME", "key": "weights_initialization", "value": null, "metadata": {"file": "train_imagenet.py", "lineno": 83, "tensor": "stage4_unit1_bnsc_gamma"}}
:::MLLOG {"namespace": "", "time_ms": 1674616203394, "event_type": "POINT_IN_TIME", "key": "weights_initialization", "value": null, "metadata": {"file": "train_imagenet.py", "lineno": 73, "tensor": "stage4_unit1_conv1_weight"}}
:::MLLOG {"namespace": "", "time_ms": 1674616203395, "event_type": "POINT_IN_TIME", "key": "weights_initialization", "value": null, "metadata": {"file": "train_imagenet.py", "lineno": 73, "tensor": "stage4_unit1_conv1sc_weight"}}
:::MLLOG {"namespace": "", "time_ms": 1674616203395, "event_type": "POINT_IN_TIME", "key": "weights_initialization", "value": null, "metadata": {"file": "train_imagenet.py", "lineno": 73, "tensor": "stage4_unit1_conv2_weight"}}
:::MLLOG {"namespace": "", "time_ms": 1674616203396, "event_type": "POINT_IN_TIME", "key": "weights_initialization", "value": null, "metadata": {"file": "train_imagenet.py", "lineno": 73, "tensor": "stage4_unit1_conv3_weight"}}
:::MLLOG {"namespace": "", "time_ms": 1674616203396, "event_type": "POINT_IN_TIME", "key": "weights_initialization", "value": null, "metadata": {"file": "train_imagenet.py", "lineno": 88, "tensor": "stage4_unit2_bn1_beta"}}
:::MLLOG {"namespace": "", "time_ms": 1674616203397, "event_type": "POINT_IN_TIME", "key": "weights_initialization", "value": null, "metadata": {"file": "train_imagenet.py", "lineno": 83, "tensor": "stage4_unit2_bn1_gamma"}}
:::MLLOG {"namespace": "", "time_ms": 1674616203397, "event_type": "POINT_IN_TIME", "key": "weights_initialization", "value": null, "metadata": {"file": "train_imagenet.py", "lineno": 88, "tensor": "stage4_unit2_bn2_beta"}}
:::MLLOG {"namespace": "", "time_ms": 1674616203397, "event_type": "POINT_IN_TIME", "key": "weights_initialization", "value": null, "metadata": {"file": "train_imagenet.py", "lineno": 83, "tensor": "stage4_unit2_bn2_gamma"}}
:::MLLOG {"namespace": "", "time_ms": 1674616203398, "event_type": "POINT_IN_TIME", "key": "weights_initialization", "value": null, "metadata": {"file": "train_imagenet.py", "lineno": 88, "tensor": "stage4_unit2_bn3_beta"}}
:::MLLOG {"namespace": "", "time_ms": 1674616203398, "event_type": "POINT_IN_TIME", "key": "weights_initialization", "value": null, "metadata": {"file": "train_imagenet.py", "lineno": 83, "tensor": "stage4_unit2_bn3_gamma"}}
:::MLLOG {"namespace": "", "time_ms": 1674616203398, "event_type": "POINT_IN_TIME", "key": "weights_initialization", "value": null, "metadata": {"file": "train_imagenet.py", "lineno": 73, "tensor": "stage4_unit2_conv1_weight"}}
:::MLLOG {"namespace": "", "time_ms": 1674616203399, "event_type": "POINT_IN_TIME", "key": "weights_initialization", "value": null, "metadata": {"file": "train_imagenet.py", "lineno": 73, "tensor": "stage4_unit2_conv2_weight"}}
:::MLLOG {"namespace": "", "time_ms": 1674616203399, "event_type": "POINT_IN_TIME", "key": "weights_initialization", "value": null, "metadata": {"file": "train_imagenet.py", "lineno": 73, "tensor": "stage4_unit2_conv3_weight"}}
:::MLLOG {"namespace": "", "time_ms": 1674616203399, "event_type": "POINT_IN_TIME", "key": "weights_initialization", "value": null, "metadata": {"file": "train_imagenet.py", "lineno": 88, "tensor": "stage4_unit3_bn1_beta"}}
:::MLLOG {"namespace": "", "time_ms": 1674616203400, "event_type": "POINT_IN_TIME", "key": "weights_initialization", "value": null, "metadata": {"file": "train_imagenet.py", "lineno": 83, "tensor": "stage4_unit3_bn1_gamma"}}
:::MLLOG {"namespace": "", "time_ms": 1674616203400, "event_type": "POINT_IN_TIME", "key": "weights_initialization", "value": null, "metadata": {"file": "train_imagenet.py", "lineno": 88, "tensor": "stage4_unit3_bn2_beta"}}
:::MLLOG {"namespace": "", "time_ms": 1674616203401, "event_type": "POINT_IN_TIME", "key": "weights_initialization", "value": null, "metadata": {"file": "train_imagenet.py", "lineno": 83, "tensor": "stage4_unit3_bn2_gamma"}}
:::MLLOG {"namespace": "", "time_ms": 1674616203401, "event_type": "POINT_IN_TIME", "key": "weights_initialization", "value": null, "metadata": {"file": "train_imagenet.py", "lineno": 88, "tensor": "stage4_unit3_bn3_beta"}}
:::MLLOG {"namespace": "", "time_ms": 1674616203401, "event_type": "POINT_IN_TIME", "key": "weights_initialization", "value": null, "metadata": {"file": "train_imagenet.py", "lineno": 83, "tensor": "stage4_unit3_bn3_gamma"}}
:::MLLOG {"namespace": "", "time_ms": 1674616203402, "event_type": "POINT_IN_TIME", "key": "weights_initialization", "value": null, "metadata": {"file": "train_imagenet.py", "lineno": 73, "tensor": "stage4_unit3_conv1_weight"}}
:::MLLOG {"namespace": "", "time_ms": 1674616203402, "event_type": "POINT_IN_TIME", "key": "weights_initialization", "value": null, "metadata": {"file": "train_imagenet.py", "lineno": 73, "tensor": "stage4_unit3_conv2_weight"}}
:::MLLOG {"namespace": "", "time_ms": 1674616203402, "event_type": "POINT_IN_TIME", "key": "weights_initialization", "value": null, "metadata": {"file": "train_imagenet.py", "lineno": 73, "tensor": "stage4_unit3_conv3_weight"}}
/usr/local/lib/python3.8/dist-packages/nvidia/dali/ops.py:627: DeprecationWarning: WARNING: `coin_flip` is now deprecated. Use `random.coin_flip` instead.
  op_instances.append(_OperatorInstance(input_set, self, **kwargs))
/usr/local/lib/python3.8/dist-packages/nvidia/dali/ops.py:627: DeprecationWarning: WARNING: `mxnet_reader` is now deprecated. Use `readers.mxnet` instead.
In DALI 1.0 all readers were moved into a dedicated :mod:`~nvidia.dali.fn.readers`
submodule and renamed to follow a common pattern. This is a placeholder operator with identical
functionality to allow for backward compatibility.
  op_instances.append(_OperatorInstance(input_set, self, **kwargs))
/usr/local/lib/python3.8/dist-packages/nvidia/dali/ops.py:627: DeprecationWarning: WARNING: `image_decoder_random_crop` is now deprecated. Use `decoders.image_random_crop` instead.
In DALI 1.0 all decoders were moved into a dedicated :mod:`~nvidia.dali.fn.decoders`
submodule and renamed to follow a common pattern. This is a placeholder operator with identical
functionality to allow for backward compatibility.
  op_instances.append(_OperatorInstance(input_set, self, **kwargs))
/usr/local/lib/python3.8/dist-packages/nvidia/dali/ops.py:627: DeprecationWarning: WARNING: `mxnet_reader` is now deprecated. Use `readers.mxnet` instead.
In DALI 1.0 all readers were moved into a dedicated :mod:`~nvidia.dali.fn.readers`
submodule and renamed to follow a common pattern. This is a placeholder operator with identical
functionality to allow for backward compatibility.
  op_instances.append(_OperatorInstance(input_set, self, **kwargs))
/usr/local/lib/python3.8/dist-packages/nvidia/dali/ops.py:627: DeprecationWarning: WARNING: `image_decoder` is now deprecated. Use `decoders.image` instead.
In DALI 1.0 all decoders were moved into a dedicated :mod:`~nvidia.dali.fn.decoders`
submodule and renamed to follow a common pattern. This is a placeholder operator with identical
functionality to allow for backward compatibility.
  op_instances.append(_OperatorInstance(input_set, self, **kwargs))
2023-01-25 03:10:05,102 Node[1] start with arguments Namespace(accuracy_threshold=0.759, batch_size=4, batchnorm_eps=1e-05, batchnorm_layout='NHWC', batchnorm_mom=0.9, bn_gamma_init0=False, bn_group=1, conv_algo=1, conv_layout='NHWC', custom_bn_off=0, dali_bytes_per_sample_hint=10485760, dali_cache_size=0, dali_crop_buffer_hint=165581, dali_decoder_buffer_hint=1315942, dali_dont_use_mmap=0, dali_hw_decoder_load=0.0, dali_normalize_buffer_hint=441549, dali_nvjpeg_memory_padding=256, dali_preallocate_height=6430, dali_preallocate_width=5980, dali_prefetch_queue=5, dali_roi_decode=True, dali_threads=6, dali_tmp_buffer_hint=355568328, data_train='/data/train.rec', data_train_idx='/data/train.idx', data_val='/data/val.rec', data_val_idx='/data/val.idx', disp_batches=20, dtype='float16', e2e_cuda_graphs=0, epoch_size=0, eval_offset=2, eval_period=4, force_tensor_core=1, fuse_bn_add_relu=1, fuse_bn_relu=1, gpus='1', image_shape='4,224,224', initializer='default', input_batch_multiplier=1, input_layout='NHWC', kv_store='horovod', label_smoothing=0.1, lars_eps=0, lars_eta=0.001, lazy_init_sanity=False, local_rank=1, log='', logging_dir='logs', lr=10.5, lr_factor=0.1, lr_step_epochs='pow2', max_random_area=1.0, max_random_aspect_ratio=1.3333333333333333, min_random_area=0.05, min_random_aspect_ratio=0.75, model_prefix=None, mom=0.9, network='resnet-v1b-stats-fl', num_classes=1000, num_epochs=37, num_examples=1281167, num_layers=50, num_val_examples=-1, optimizer='sgdwfastlars', pooling_layout='NHWC', profile=0, profile_server_suffix='', profile_worker_suffix='', resize=256, save_period=1, seed=21014, separ_val=False, top_k=0, use_dali=True, verbose=0, warmup_epochs=2, warmup_strategy='linear', wd=5e-05)
:::MLLOG {"namespace": "", "time_ms": 1674616205102, "event_type": "INTERVAL_END", "key": "init_stop", "value": null, "metadata": {"file": "train_imagenet.py", "lineno": 230}}
/usr/local/lib/python3.8/dist-packages/nvidia/dali/ops.py:627: DeprecationWarning: WARNING: `coin_flip` is now deprecated. Use `random.coin_flip` instead.
  op_instances.append(_OperatorInstance(input_set, self, **kwargs))
/usr/local/lib/python3.8/dist-packages/nvidia/dali/ops.py:627: DeprecationWarning: WARNING: `mxnet_reader` is now deprecated. Use `readers.mxnet` instead.
In DALI 1.0 all readers were moved into a dedicated :mod:`~nvidia.dali.fn.readers`
submodule and renamed to follow a common pattern. This is a placeholder operator with identical
functionality to allow for backward compatibility.
  op_instances.append(_OperatorInstance(input_set, self, **kwargs))
/usr/local/lib/python3.8/dist-packages/nvidia/dali/ops.py:627: DeprecationWarning: WARNING: `image_decoder_random_crop` is now deprecated. Use `decoders.image_random_crop` instead.
In DALI 1.0 all decoders were moved into a dedicated :mod:`~nvidia.dali.fn.decoders`
submodule and renamed to follow a common pattern. This is a placeholder operator with identical
functionality to allow for backward compatibility.
  op_instances.append(_OperatorInstance(input_set, self, **kwargs))
/usr/local/lib/python3.8/dist-packages/nvidia/dali/ops.py:627: DeprecationWarning: WARNING: `mxnet_reader` is now deprecated. Use `readers.mxnet` instead.
In DALI 1.0 all readers were moved into a dedicated :mod:`~nvidia.dali.fn.readers`
submodule and renamed to follow a common pattern. This is a placeholder operator with identical
functionality to allow for backward compatibility.
  op_instances.append(_OperatorInstance(input_set, self, **kwargs))
/usr/local/lib/python3.8/dist-packages/nvidia/dali/ops.py:627: DeprecationWarning: WARNING: `image_decoder` is now deprecated. Use `decoders.image` instead.
In DALI 1.0 all decoders were moved into a dedicated :mod:`~nvidia.dali.fn.decoders`
submodule and renamed to follow a common pattern. This is a placeholder operator with identical
functionality to allow for backward compatibility.
  op_instances.append(_OperatorInstance(input_set, self, **kwargs))
2023-01-25 03:10:05,102 Node[0] start with arguments Namespace(accuracy_threshold=0.759, batch_size=4, batchnorm_eps=1e-05, batchnorm_layout='NHWC', batchnorm_mom=0.9, bn_gamma_init0=False, bn_group=1, conv_algo=1, conv_layout='NHWC', custom_bn_off=0, dali_bytes_per_sample_hint=10485760, dali_cache_size=0, dali_crop_buffer_hint=165581, dali_decoder_buffer_hint=1315942, dali_dont_use_mmap=0, dali_hw_decoder_load=0.0, dali_normalize_buffer_hint=441549, dali_nvjpeg_memory_padding=256, dali_preallocate_height=6430, dali_preallocate_width=5980, dali_prefetch_queue=5, dali_roi_decode=True, dali_threads=6, dali_tmp_buffer_hint=355568328, data_train='/data/train.rec', data_train_idx='/data/train.idx', data_val='/data/val.rec', data_val_idx='/data/val.idx', disp_batches=20, dtype='float16', e2e_cuda_graphs=0, epoch_size=0, eval_offset=2, eval_period=4, force_tensor_core=1, fuse_bn_add_relu=1, fuse_bn_relu=1, gpus='0', image_shape='4,224,224', initializer='default', input_batch_multiplier=1, input_layout='NHWC', kv_store='horovod', label_smoothing=0.1, lars_eps=0, lars_eta=0.001, lazy_init_sanity=False, local_rank=0, log='', logging_dir='logs', lr=10.5, lr_factor=0.1, lr_step_epochs='pow2', max_random_area=1.0, max_random_aspect_ratio=1.3333333333333333, min_random_area=0.05, min_random_aspect_ratio=0.75, model_prefix=None, mom=0.9, network='resnet-v1b-stats-fl', num_classes=1000, num_epochs=37, num_examples=1281167, num_layers=50, num_val_examples=-1, optimizer='sgdwfastlars', pooling_layout='NHWC', profile=0, profile_server_suffix='', profile_worker_suffix='', resize=256, save_period=1, seed=55226, separ_val=False, top_k=0, use_dali=True, verbose=0, warmup_epochs=2, warmup_strategy='linear', wd=5e-05)
:::MLLOG {"namespace": "", "time_ms": 1674616205102, "event_type": "POINT_IN_TIME", "key": "sgd_opt_learning_rate_decay_poly_power", "value": 2, "metadata": {"file": "/workspace/image_classification/common/fit.py", "lineno": 710}}
:::MLLOG {"namespace": "", "time_ms": 1674616205103, "event_type": "POINT_IN_TIME", "key": "sgd_opt_end_learning_rate", "value": 0.0001, "metadata": {"file": "/workspace/image_classification/common/fit.py", "lineno": 711}}
:::MLLOG {"namespace": "", "time_ms": 1674616205103, "event_type": "POINT_IN_TIME", "key": "lars_opt_learning_rate_decay_poly_power", "value": 2, "metadata": {"file": "/workspace/image_classification/common/fit.py", "lineno": 712}}
:::MLLOG {"namespace": "", "time_ms": 1674616205103, "event_type": "POINT_IN_TIME", "key": "lars_opt_end_learning_rate", "value": 0.0001, "metadata": {"file": "/workspace/image_classification/common/fit.py", "lineno": 713}}
:::MLLOG {"namespace": "", "time_ms": 1674616205103, "event_type": "POINT_IN_TIME", "key": "d_batch_size", "value": 4, "metadata": {"file": "/workspace/image_classification/common/fit.py", "lineno": 1176}}
:::MLLOG {"namespace": "", "time_ms": 1674616205103, "event_type": "POINT_IN_TIME", "key": "s_optimizer", "value": "sgdwfastlars", "metadata": {"file": "/workspace/image_classification/common/fit.py", "lineno": 1177}}
:::MLLOG {"namespace": "", "time_ms": 1674616205103, "event_type": "POINT_IN_TIME", "key": "s_network", "value": "resnet-v1b-stats-fl", "metadata": {"file": "/workspace/image_classification/common/fit.py", "lineno": 1178}}
:::MLLOG {"namespace": "", "time_ms": 1674616205104, "event_type": "POINT_IN_TIME", "key": "s_process", "value": "horovod", "metadata": {"file": "/workspace/image_classification/common/fit.py", "lineno": 1179}}
:::MLLOG {"namespace": "", "time_ms": 1674616205104, "event_type": "POINT_IN_TIME", "key": "global_batch_size", "value": 8, "metadata": {"file": "/workspace/image_classification/common/fit.py", "lineno": 1180}}
:::MLLOG {"namespace": "", "time_ms": 1674616205104, "event_type": "POINT_IN_TIME", "key": "s_optimizer", "value": "sgdwfastlars", "metadata": {"file": "/workspace/image_classification/common/fit.py", "lineno": 1181}}
:::MLLOG {"namespace": "", "time_ms": 1674616205104, "event_type": "POINT_IN_TIME", "key": "s_network", "value": "resnet-v1b-stats-fl", "metadata": {"file": "/workspace/image_classification/common/fit.py", "lineno": 1182}}
:::MLLOG {"namespace": "", "time_ms": 1674616205104, "event_type": "POINT_IN_TIME", "key": "s_process", "value": "horovod", "metadata": {"file": "/workspace/image_classification/common/fit.py", "lineno": 1183}}
:::MLLOG {"namespace": "", "time_ms": 1674616205104, "event_type": "POINT_IN_TIME", "key": "gradient_accumulation_steps", "value": 1, "metadata": {"file": "/workspace/image_classification/common/fit.py", "lineno": 1184}}
:::MLLOG {"namespace": "", "time_ms": 1674616205104, "event_type": "POINT_IN_TIME", "key": "opt_name", "value": "lars", "metadata": {"file": "/workspace/image_classification/common/fit.py", "lineno": 1190}}
:::MLLOG {"namespace": "", "time_ms": 1674616205104, "event_type": "POINT_IN_TIME", "key": "lars_epsilon", "value": 0, "metadata": {"file": "/workspace/image_classification/common/fit.py", "lineno": 1192}}
:::MLLOG {"namespace": "", "time_ms": 1674616205104, "event_type": "POINT_IN_TIME", "key": "lars_opt_weight_decay", "value": 5e-05, "metadata": {"file": "/workspace/image_classification/common/fit.py", "lineno": 1194}}
:::MLLOG {"namespace": "", "time_ms": 1674616205104, "event_type": "POINT_IN_TIME", "key": "lars_opt_momentum", "value": 0.9, "metadata": {"file": "/workspace/image_classification/common/fit.py", "lineno": 1196}}
:::MLLOG {"namespace": "", "time_ms": 1674616205104, "event_type": "POINT_IN_TIME", "key": "lars_opt_base_learning_rate", "value": 10.5, "metadata": {"file": "/workspace/image_classification/common/fit.py", "lineno": 1197}}
:::MLLOG {"namespace": "", "time_ms": 1674616205105, "event_type": "POINT_IN_TIME", "key": "lars_opt_learning_rate_warmup_epochs", "value": 2, "metadata": {"file": "/workspace/image_classification/common/fit.py", "lineno": 1198}}
:::MLLOG {"namespace": "", "time_ms": 1674616205105, "event_type": "POINT_IN_TIME", "key": "lars_opt_learning_rate_decay_steps", "value": 37, "metadata": {"file": "/workspace/image_classification/common/fit.py", "lineno": 1199}}
Traceback (most recent call last):
  File "train_imagenet.py", line 233, in <module>
    fit.fit(args, kv, model, initializer, lambda_fnc_dali_get_rec_iter, devs, arg_params, aux_params)
  File "/workspace/image_classification/common/fit.py", line 1336, in fit
    mx.ndarray.waitall()
  File "/opt/mxnet/python/mxnet/ndarray/ndarray.py", line 212, in waitall
    check_call(_LIB.MXNDArrayWaitAll())
  File "/opt/mxnet/python/mxnet/base.py", line 246, in check_call
    raise get_last_ffi_error()
mxnet.base.MXNetError: Traceback (most recent call last):
  File "../src/operator/nn/batch_norm.cu", line 1114
MXNetError: Fused ReLU activation is only supported with float16 NHWC Batchnorm on Volta.
Traceback (most recent call last):
  File "train_imagenet.py", line 233, in <module>
    fit.fit(args, kv, model, initializer, lambda_fnc_dali_get_rec_iter, devs, arg_params, aux_params)
  File "/workspace/image_classification/common/fit.py", line 1336, in fit
    mx.ndarray.waitall()
  File "/opt/mxnet/python/mxnet/ndarray/ndarray.py", line 212, in waitall
    check_call(_LIB.MXNDArrayWaitAll())
  File "/opt/mxnet/python/mxnet/base.py", line 246, in check_call
    raise get_last_ffi_error()
mxnet.base.MXNetError: Traceback (most recent call last):
  File "../src/operator/nn/batch_norm.cu", line 1114
MXNetError: Fused ReLU activation is only supported with float16 NHWC Batchnorm on Volta.
--------------------------------------------------------------------------
Primary job  terminated normally, but 1 process returned
a non-zero exit code. Per user-direction, the job has been aborted.
--------------------------------------------------------------------------
--------------------------------------------------------------------------
mpirun detected that one or more processes exited with non-zero status, thus causing
the job to be terminated. The first process to do so was:

  Process name: [[16702,1],1]
  Exit code:    1
--------------------------------------------------------------------------
