+ echo 'Beginning trial 1 of 5'
Beginning trial 1 of 5
+ docker exec -it image_classification python -c '
import mlperf_log_utils
from mlperf_logging.mllog import constants

mlperf_log_utils.mlperf_submission_log(constants.RESNET)'
:::MLLOG {"namespace": "", "time_ms": 1674611750368, "event_type": "POINT_IN_TIME", "key": "submission_benchmark", "value": "resnet", "metadata": {"file": "/workspace/image_classification/mlperf_log_utils.py", "lineno": 84}}
:::MLLOG {"namespace": "", "time_ms": 1674611750383, "event_type": "POINT_IN_TIME", "key": "submission_org", "value": "NVIDIA", "metadata": {"file": "/workspace/image_classification/mlperf_log_utils.py", "lineno": 89}}
:::MLLOG {"namespace": "", "time_ms": 1674611750383, "event_type": "POINT_IN_TIME", "key": "submission_division", "value": "closed", "metadata": {"file": "/workspace/image_classification/mlperf_log_utils.py", "lineno": 93}}
:::MLLOG {"namespace": "", "time_ms": 1674611750384, "event_type": "POINT_IN_TIME", "key": "submission_status", "value": "onprem", "metadata": {"file": "/workspace/image_classification/mlperf_log_utils.py", "lineno": 97}}
:::MLLOG {"namespace": "", "time_ms": 1674611750384, "event_type": "POINT_IN_TIME", "key": "submission_platform", "value": "1xSUBMISSION_PLATFORM_PLACEHOLDER", "metadata": {"file": "/workspace/image_classification/mlperf_log_utils.py", "lineno": 101}}
+ export SEED=31677
+ SEED=31677
+ docker exec -it --env=BATCHSIZE --env=DALI_CACHE_SIZE --env=DALI_CROP_BUFFER_HINT --env=DALI_DECODER_BUFFER_HINT --env=DALI_DONT_USE_MMAP --env=DALI_HW_DECODER_LOAD --env=DALI_NORMALIZE_BUFFER_HINT --env=DALI_NVJPEG_MEMPADDING --env=DALI_PREALLOCATE_HEIGHT --env=DALI_PREALLOCATE_WIDTH --env=DALI_PREFETCH_QUEUE --env=DALI_ROI_DECODE --env=DALI_THREADS --env=DALI_TMP_BUFFER_HINT --env=DGXHT --env=DGXNGPU --env=DGXNNODES --env=DGXNSOCKET --env=DGXSOCKETCORES --env=DGXSYSTEM --env=EVAL_OFFSET --env=EVAL_PERIOD --env=HOROVOD_CYCLE_TIME --env=HOROVOD_FUSION_THRESHOLD --env=HOROVOD_NUM_NCCL_STREAMS --env=KVSTORE --env=LABELSMOOTHING --env=LARSETA --env=LR --env=LRSCHED --env=MOM --env=MXNET_CUDNN_NHWC_BN_ADD_HEURISTIC_BWD --env=MXNET_CUDNN_NHWC_BN_ADD_HEURISTIC_FWD --env=MXNET_CUDNN_NHWC_BN_HEURISTIC_BWD --env=MXNET_CUDNN_NHWC_BN_HEURISTIC_FWD --env=MXNET_CUDNN_WARN_ON_IGNORED_FLAGS --env=MXNET_ENABLE_CUDA_GRAPHS --env=MXNET_EXEC_BULK_EXEC_MAX_NODE_TRAIN_BWD --env=MXNET_EXEC_BULK_EXEC_MAX_NODE_TRAIN_FWD --env=MXNET_EXTENDED_NORMCONV_SUPPORT --env=MXNET_HOROVOD_NUM_GROUPS --env=MXNET_OPTIMIZER_AGGREGATION_SIZE --env=NETWORK --env=NUMEPOCHS --env=OMPI_MCA_btl --env=OPTIMIZER --env=WALLTIME --env=WARMUP_EPOCHS --env=WD --env=MLPERF_HOST_OS --env=SEED image_classification mpirun --allow-run-as-root --bind-to none --np 8 ./run_and_time.sh
STARTING TIMING RUN AT 2023-01-25 01:55:50 AM
STARTING TIMING RUN AT 2023-01-25 01:55:50 AM
running benchmark
running benchmark
STARTING TIMING RUN AT 2023-01-25 01:55:50 AM
running benchmark
STARTING TIMING RUN AT 2023-01-25 01:55:50 AM
STARTING TIMING RUN AT 2023-01-25 01:55:50 AM
running benchmark
running benchmark
STARTING TIMING RUN AT 2023-01-25 01:55:50 AM
running benchmark
STARTING TIMING RUN AT 2023-01-25 01:55:50 AM
running benchmark
STARTING TIMING RUN AT 2023-01-25 01:55:50 AM
running benchmark
ERROR: local rank is 3, but there are only 2 gpus available
ERROR: local rank is 5, but there are only 2 gpus available
ERROR: local rank is 7, but there are only 2 gpus available
ERROR: local rank is 4, but there are only 2 gpus available
ERROR: local rank is 2, but there are only 2 gpus available
ERROR: local rank is 6, but there are only 2 gpus available
num_gpus=2 num_sockets = 2 num_nodes=2 cores_per_socket=10
num_gpus=2 num_sockets = 2 num_nodes=2 cores_per_socket=10
--------------------------------------------------------------------------
Primary job  terminated normally, but 1 process returned
a non-zero exit code. Per user-direction, the job has been aborted.
--------------------------------------------------------------------------
--------------------------------------------------------------------------
mpirun detected that one or more processes exited with non-zero status, thus causing
the job to be terminated. The first process to do so was:

  Process name: [[16701,1],3]
  Exit code:    1
--------------------------------------------------------------------------
